=== Module Execution Log ===
Module: hostdiscovery
Started: 2026-01-01T15:05:33+05:00
================================

Output saved to: logs/hostdiscovery_2026-01-01_15-05-33.log
Executing module 'hostdiscovery'...
[*] Starting host discovery on 154.54.23.0/24
Traceback (most recent call last):
[*] Using 10 threads
[*] Total hosts to scan: 254
  File "/home/hmza/lanmanvan/modules/hostdiscovery/main.py", line 50, in main
[-] Host 154.54.23.2 is DOWN
    for future in concurrent.futures.as_completed(futures):
[-] Host 154.54.23.3 is DOWN
                  ~~~~~~~~~~~~~~~~~~~~~~~~~~~~~~~^^^^^^^^^
[-] Host 154.54.23.1 is DOWN
  File "/usr/lib/python3.13/concurrent/futures/_base.py", line 243, in as_completed
    waiter.event.wait(wait_timeout)
[-] Host 154.54.23.4 is DOWN
[-] Host 154.54.23.5 is DOWN
    ~~~~~~~~~~~~~~~~~^^^^^^^^^^^^^^
[-] Host 154.54.23.9 is DOWN
  File "/usr/lib/python3.13/threading.py", line 660, in wait
[-] Host 154.54.23.7 is DOWN
    signaled = self._cond.wait(timeout)
[-] Host 154.54.23.10 is DOWN
  File "/usr/lib/python3.13/threading.py", line 359, in wait
[-] Host 154.54.23.6 is DOWN
    waiter.acquire()
[-] Host 154.54.23.8 is DOWN
    ~~~~~~~~~~~~~~^^
[*] Progress: 10/254 (3.9%)
KeyboardInterrupt
During handling of the above exception, another exception occurred:
Traceback (most recent call last):
  File "/home/hmza/lanmanvan/modules/hostdiscovery/main.py", line 76, in <module>
    main()
    ~~~~^^
  File "/home/hmza/lanmanvan/modules/hostdiscovery/main.py", line 47, in main
    with concurrent.futures.ThreadPoolExecutor(max_workers=threads) as executor:
         ~~~~~~~~~~~~~~~~~~~~~~~~~~~~~~~~~~~~~^^^^^^^^^^^^^^^^^^^^^
  File "/usr/lib/python3.13/concurrent/futures/_base.py", line 647, in __exit__
    self.shutdown(wait=True)
    ~~~~~~~~~~~~~^^^^^^^^^^^
  File "/usr/lib/python3.13/concurrent/futures/thread.py", line 239, in shutdown
    t.join()
    ~~~~~~^^
  File "/usr/lib/python3.13/threading.py", line 1095, in join
    self._handle.join(timeout)
    ~~~~~~~~~~~~~~~~~^^^^^^^^^
KeyboardInterrupt
Exception ignored on threading shutdown:
Traceback (most recent call last):
Failed in 4.510940158s [exit: -1], skipping...
  File "/usr/lib/python3.13/threading.py", line 1537, in _shutdown

================================
    atexit_call()
Ended: 2026-01-01T15:05:38+05:00
  File "/usr/lib/python3.13/threading.py", line 1508, in <lambda>
